<?xml version="1.0" encoding="UTF-8"?>
<robot generator="Robot 3.1.2 (Python 3.8.1 on win32)" generated="20200211 12:28:23.912" rpa="false">
<suite id="s1" name="GoogleTranslationTest" source="C:\dev\robot-scripts\Google\Tests\GoogleTranslationTest.robot">
<test id="s1-t1" name="Looking up the translation of 'apple'">
<kw name="Given the user is on the google translate page" library="GoogleTranslationPage">
<kw name="Open Browser" library="SeleniumLibrary">
<doc>Opens a new browser instance to the given ``url``.</doc>
<arguments>
<arg>${URL}</arg>
<arg>${BROWSER}</arg>
</arguments>
<msg timestamp="20200211 12:28:24.071" level="INFO">Opening browser 'chrome' to base url 'https://translate.google.com.ua/'.</msg>
<status status="PASS" starttime="20200211 12:28:24.071" endtime="20200211 12:28:30.168"></status>
</kw>
<kw name="Maximize Browser Window" library="SeleniumLibrary">
<doc>Maximizes current browser window.</doc>
<status status="PASS" starttime="20200211 12:28:30.168" endtime="20200211 12:28:34.303"></status>
</kw>
<kw name="Set Browser Implicit Wait" library="SeleniumLibrary">
<doc>Sets the implicit wait value used by Selenium.</doc>
<arguments>
<arg>5s</arg>
</arguments>
<status status="PASS" starttime="20200211 12:28:34.303" endtime="20200211 12:28:34.305"></status>
</kw>
<status status="PASS" starttime="20200211 12:28:24.070" endtime="20200211 12:28:34.305"></status>
</kw>
<kw name="And selected languages from 'английский' to 'украинский'" library="GoogleTranslationPage">
<kw name="Click Element" library="SeleniumLibrary">
<doc>Click element identified by ``locator``.</doc>
<arguments>
<arg>${OUTPUT_LANGUEGE}</arg>
</arguments>
<msg timestamp="20200211 12:28:34.306" level="INFO">Clicking element 'xpath://div[contains(text(),'українська')]'.</msg>
<status status="PASS" starttime="20200211 12:28:34.306" endtime="20200211 12:28:34.394"></status>
</kw>
<kw name="Click Element" library="SeleniumLibrary">
<doc>Click element identified by ``locator``.</doc>
<arguments>
<arg>${INPUT_LANGUAGE}</arg>
</arguments>
<msg timestamp="20200211 12:28:34.394" level="INFO">Clicking element 'xpath://div[@value='en'][1]'.</msg>
<status status="PASS" starttime="20200211 12:28:34.394" endtime="20200211 12:28:34.470"></status>
</kw>
<status status="PASS" starttime="20200211 12:28:34.306" endtime="20200211 12:28:34.470"></status>
</kw>
<kw name="When the user looks up the translation of the word 'apple'" library="GoogleTranslationPage">
<kw name="Input Text" library="SeleniumLibrary">
<doc>Types the given ``text`` into text field identified by ``locator``.</doc>
<arguments>
<arg>${TEXT_AREA}</arg>
<arg>${INPUT}</arg>
</arguments>
<msg timestamp="20200211 12:28:34.471" level="INFO">Typing text 'apple' into text field 'xpath://textarea[@id='source']'.</msg>
<status status="PASS" starttime="20200211 12:28:34.471" endtime="20200211 12:28:34.565"></status>
</kw>
<status status="PASS" starttime="20200211 12:28:34.471" endtime="20200211 12:28:34.565"></status>
</kw>
<kw name="Then they should see the translation 'яблуко'" library="GoogleTranslationPage">
<kw name="Get Text" library="SeleniumLibrary">
<doc>Returns the text value of element identified by ``locator``.</doc>
<arguments>
<arg>${OUTPUT_TEXT_AREA}</arg>
</arguments>
<status status="PASS" starttime="20200211 12:28:34.565" endtime="20200211 12:28:34.585"></status>
</kw>
<status status="PASS" starttime="20200211 12:28:34.565" endtime="20200211 12:28:34.585"></status>
</kw>
<tags>
<tag>SMOKE</tag>
</tags>
<status status="PASS" starttime="20200211 12:28:24.070" endtime="20200211 12:28:34.586" critical="yes"></status>
</test>
<doc>Google Translation Checking</doc>
<status status="PASS" starttime="20200211 12:28:23.913" endtime="20200211 12:28:34.587"></status>
</suite>
<statistics>
<total>
<stat pass="1" fail="0">Critical Tests</stat>
<stat pass="1" fail="0">All Tests</stat>
</total>
<tag>
<stat pass="1" fail="0">SMOKE</stat>
</tag>
<suite>
<stat pass="1" fail="0" id="s1" name="GoogleTranslationTest">GoogleTranslationTest</stat>
</suite>
</statistics>
<errors>
</errors>
</robot>
